#
# A fatal error has been detected by the Java Runtime Environment:
#
#  EXCEPTION_ACCESS_VIOLATION (0xc0000005) at pc=0x00007fff4dc73467, pid=11356, tid=22232
#
# JRE version: OpenJDK Runtime Environment Temurin-21.0.3+9 (21.0.3+9) (build 21.0.3+9-LTS)
# Java VM: OpenJDK 64-Bit Server VM Temurin-21.0.3+9 (21.0.3+9-LTS, mixed mode, tiered, compressed oops, compressed class ptrs, g1 gc, windows-amd64)
# Problematic frame:
# C  [glfw.dll+0x3467]
#
# No core dump will be written. Minidumps are not enabled by default on client versions of Windows
#
# If you would like to submit a bug report, please visit:
#   https://github.com/adoptium/adoptium-support/issues
# The crash happened outside the Java Virtual Machine in native code.
# See problematic frame for where to report the bug.
#

---------------  S U M M A R Y ------------

Command Line: -Dfile.encoding=UTF-8 -Dstdout.encoding=UTF-8 -Dstderr.encoding=UTF-8 -XX:+ShowCodeDetailsInExceptionMessages com.mudkipboy7.mudJavaEngine.Main

Host: Intel(R) Core(TM) i5-10300H CPU @ 2.50GHz, 8 cores, 15G,  Windows 10 , 64 bit Build 19041 (10.0.19041.5438)
Time: Wed Jun 18 21:51:02 2025 Central Daylight Time elapsed time: 0.854323 seconds (0d 0h 0m 0s)

---------------  T H R E A D  ---------------

Current thread (0x0000019c3aac0ca0):  JavaThread "main"             [_thread_in_native, id=22232, stack(0x0000002e6ef00000,0x0000002e6f000000) (1024K)]

Stack: [0x0000002e6ef00000,0x0000002e6f000000],  sp=0x0000002e6effedf8,  free space=1019k
Native frames: (J=compiled Java code, j=interpreted, Vv=VM code, C=native code)
C  [glfw.dll+0x3467]

Java frames: (J=compiled Java code, j=interpreted, Vv=VM code)
j  org.lwjgl.system.JNI.invokePPPV(JJJJ)V+0
j  org.lwjgl.glfw.GLFW.nglfwGetCursorPos(JJJ)V+22
j  org.lwjgl.glfw.GLFW.glfwGetCursorPos(JLjava/nio/DoubleBuffer;Ljava/nio/DoubleBuffer;)V+25
j  com.mudkipboy7.mudJavaEngine.Main.run()V+41
j  com.mudkipboy7.mudJavaEngine.Main.main([Ljava/lang/String;)V+54
v  ~StubRoutines::call_stub 0x0000019c47d1100d

siginfo: EXCEPTION_ACCESS_VIOLATION (0xc0000005), writing address 0x0000000000000010


Registers:
RAX=0x0000000000000000, RBX=0x0000019c588634b8, RCX=0x0000019c5c2caeb0, RDX=0x0000000000000010
RSP=0x0000002e6effedf8, RBP=0x0000002e6effeea8, RSI=0x0000000000000110, RDI=0x0000000000000208
R8 =0x0000000000000000, R9 =0x0000000000000010, R10=0x0000019c47d1ce1c, R11=0x00000007116a7608
R12=0x0000000000000000, R13=0x0000019c588634b8, R14=0x0000002e6effef00, R15=0x0000019c3aac0ca0
RIP=0x00007fff4dc73467, EFLAGS=0x0000000000010202


Register to memory mapping:

RAX=0x0 is null
RBX={method} {0x0000019c588634c0} 'invokePPPV' '(JJJJ)V' in 'org/lwjgl/system/JNI'
RCX=0x0000019c5c2caeb0 points into unknown readable memory: 0x0000000000000000 | 00 00 00 00 00 00 00 00
RDX=0x0000000000000010 is an unknown value
RSP=0x0000002e6effedf8 is pointing into the stack for thread: 0x0000019c3aac0ca0
RBP=0x0000002e6effeea8 is pointing into the stack for thread: 0x0000019c3aac0ca0
RSI=0x0000000000000110 is an unknown value
RDI=0x0000000000000208 is an unknown value
R8 =0x0 is null
R9 =0x0000000000000010 is an unknown value
R10=0x0000019c47d1ce1c is at code_begin+1020 in an Interpreter codelet
native method entry point (kind = native)  [0x0000019c47d1ca20, 0x0000019c47d1d548]  2856 bytes
R11=0x00000007116a7608 is an oop: java.lang.Class 
{0x00000007116a7608} - klass: 'java/lang/Class'
 - ---- fields (total size 14 words):
 - private volatile transient 'classRedefinedCount' 'I' @12  0 (0x00000000)
 - injected 'klass' 'J' @16  34360335728 (0x0000000800091d70)
 - injected 'array_klass' 'J' @24  0 (0x0000000000000000)
 - injected 'oop_size' 'I' @32  14 (0x0000000e)
 - injected 'static_oop_field_count' 'I' @36  0 (0x00000000)
 - private volatile transient 'cachedConstructor' 'Ljava/lang/reflect/Constructor;' @40  null (0x00000000)
 - private transient 'name' 'Ljava/lang/String;' @44  "org.lwjgl.system.JNI"{0x00000007116a7678} (0xe22d4ecf)
 - private transient 'module' 'Ljava/lang/Module;' @48  a 'java/lang/Module'{0x0000000711c69610} (0xe238d2c2)
 - private final 'classLoader' 'Ljava/lang/ClassLoader;' @52  a 'jdk/internal/loader/ClassLoaders$AppClassLoader'{0x0000000711c69450} (0xe238d28a)
 - private transient 'classData' 'Ljava/lang/Object;' @56  null (0x00000000)
 - private transient 'packageName' 'Ljava/lang/String;' @60  "org.lwjgl.system"{0x0000000711b54c50} (0xe236a98a)
 - private final 'componentType' 'Ljava/lang/Class;' @64  null (0x00000000)
 - private volatile transient 'reflectionData' 'Ljava/lang/ref/SoftReference;' @68  null (0x00000000)
 - private volatile transient 'genericInfo' 'Lsun/reflect/generics/repository/ClassRepository;' @72  null (0x00000000)
 - private volatile transient 'enumConstants' '[Ljava/lang/Object;' @76  null (0x00000000)
 - private volatile transient 'enumConstantDirectory' 'Ljava/util/Map;' @80  null (0x00000000)
 - private volatile transient 'annotationData' 'Ljava/lang/Class$AnnotationData;' @84  null (0x00000000)
 - private volatile transient 'annotationType' 'Lsun/reflect/annotation/AnnotationType;' @88  null (0x00000000)
 - transient 'classValueMap' 'Ljava/lang/ClassValue$ClassValueMap;' @92  null (0x00000000)
 - injected 'protection_domain' 'Ljava/lang/Object;' @96  a 'java/security/ProtectionDomain'{0x0000000711b58350} (0xe236b06a)
 - injected 'signers_name' 'Ljava/lang/Object;' @100  null (0x00000000)
 - injected 'source_file' 'Ljava/lang/Object;' @104  null (0x00000000)
 - signature: Lorg/lwjgl/system/JNI;
 - ---- static fields (0):
R12=0x0 is null
R13={method} {0x0000019c588634c0} 'invokePPPV' '(JJJJ)V' in 'org/lwjgl/system/JNI'
R14=0x0000002e6effef00 is pointing into the stack for thread: 0x0000019c3aac0ca0
R15=0x0000019c3aac0ca0 is a thread

Top of Stack: (sp=0x0000002e6effedf8)
0x0000002e6effedf8:   0000019c47d1ce4b 0000000000000000
0x0000002e6effee08:   000000000000000d 0000019c3aac0ca0
0x0000002e6effee18:   0000000000000120 0000000000000000
0x0000002e6effee28:   00007fff4dc73460 0000002e6effef98
0x0000002e6effee38:   00007fff16ebce88 0000002e6effee90
0x0000002e6effee48:   0000019c58a1e960 0000000000000000
0x0000002e6effee58:   00007fff16c110e1 0000002e6effee60
0x0000002e6effee68:   0000000000000000 000000000000000b
0x0000002e6effee78:   0000019c58897708 0000000000000000
0x0000002e6effee88:   00000007116a7608 0000019c588634b8
0x0000002e6effee98:   0000000000000000 0000002e6effeec8
0x0000002e6effeea8:   0000002e6effef50 0000019c47d18860
0x0000002e6effeeb8:   00000007116a7608 0000019c47d1a3d7
0x0000002e6effeec8:   00007fff4dc73460 0000000000000000
0x0000002e6effeed8:   0000000000000000 0000000000000000
0x0000002e6effeee8:   0000000000000010 0000000000000000
0x0000002e6effeef8:   0000019c5c2caeb0 0000000000000000
0x0000002e6effef08:   0000002e6effef08 0000019c588354c6
0x0000002e6effef18:   0000000000000009 0000019c58840000
0x0000002e6effef28:   0000000000000000 00000007119fc158
0x0000002e6effef38:   0000019c58835508 0000002e6effeec8
0x0000002e6effef48:   0000002e6effef70 0000002e6effefe8
0x0000002e6effef58:   0000019c47d18860 00007fff4dc73460
0x0000002e6effef68:   0000000000000000 0000000000000000
0x0000002e6effef78:   0000000000000000 0000000000000010
0x0000002e6effef88:   0000000000000000 0000019c5c2caeb0
0x0000002e6effef98:   0000000000000000 0000002e6effefa0
0x0000002e6effefa8:   0000019c588355c1 0000000000000005
0x0000002e6effefb8:   0000019c58840000 0000000000000000
0x0000002e6effefc8:   00000007119fc158 0000019c58835608
0x0000002e6effefd8:   0000002e6effef70 0000002e6effeff8
0x0000002e6effefe8:   0000002e6efff060 0000019c47d18860 

Instructions: (pc=0x00007fff4dc73467)
0x00007fff4dc73367:   3d 63 b5 07 00 00 48 8b f9 75 11 33 d2 b9 01 00
0x00007fff4dc73377:   01 00 48 83 c4 20 5f e9 2d eb ff ff 48 85 ff 0f
0x00007fff4dc73387:   84 95 00 00 00 48 89 5c 24 30 48 8b 1d e0 bc 07
0x00007fff4dc73397:   00 48 85 db 74 3d 48 89 74 24 38 33 f6 48 39 7b
0x00007fff4dc733a7:   58 75 23 33 d2 39 35 1e b5 07 00 75 0c b9 01 00
0x00007fff4dc733b7:   01 00 e8 f2 ea ff ff eb 0d 48 8b cb 48 89 73 58
0x00007fff4dc733c7:   ff 15 83 b5 07 00 48 8b 1b 48 85 db 75 cf 48 8b
0x00007fff4dc733d7:   74 24 38 48 8b cf ff 15 65 b5 07 00 48 8b 0d 86
0x00007fff4dc733e7:   bc 07 00 48 8d 15 7f bc 07 00 48 8b 5c 24 30 48
0x00007fff4dc733f7:   3b cf 74 13 0f 1f 44 00 00 48 8b 01 48 8b d1 48
0x00007fff4dc73407:   8b c8 48 3b c7 75 f2 48 8b 07 48 8b cf 48 89 02
0x00007fff4dc73417:   48 83 c4 20 5f e9 9f ef ff ff 48 83 c4 20 5f c3
0x00007fff4dc73427:   cc cc cc cc cc cc cc cc cc 48 83 ec 28 83 3d 95
0x00007fff4dc73437:   b4 07 00 00 75 13 33 d2 b9 01 00 01 00 e8 67 ea
0x00007fff4dc73447:   ff ff 33 c0 48 83 c4 28 c3 48 83 c4 28 48 ff 25
0x00007fff4dc73457:   15 b5 07 00 cc cc cc cc cc 33 c0 48 85 d2 74 03
0x00007fff4dc73467:   48 89 02 4d 85 c0 74 03 49 89 00 39 05 58 b4 07
0x00007fff4dc73477:   00 75 0c 33 d2 b9 01 00 01 00 e9 2a ea ff ff 81
0x00007fff4dc73487:   b9 90 00 00 00 03 40 03 00 75 1f 48 85 d2 74 0a
0x00007fff4dc73497:   48 8b 81 00 02 00 00 48 89 02 4d 85 c0 74 12 48
0x00007fff4dc734a7:   8b 81 08 02 00 00 49 89 00 c3 48 ff 25 58 b4 07
0x00007fff4dc734b7:   00 c3 cc cc cc cc cc cc cc 40 53 48 83 ec 20 83
0x00007fff4dc734c7:   3d 03 b4 07 00 00 48 63 d9 75 14 33 d2 b9 01 00
0x00007fff4dc734d7:   01 00 e8 d2 e9 ff ff 33 c0 48 83 c4 20 5b c3 83
0x00007fff4dc734e7:   fb 0f 77 5f 83 3d 9a bb 07 00 00 75 18 ff 15 9e
0x00007fff4dc734f7:   b4 07 00 85 c0 75 0e ff 15 9c b4 07 00 33 c0 48
0x00007fff4dc73507:   83 c4 20 5b c3 48 8d 1c db c7 05 72 bb 07 00 01
0x00007fff4dc73517:   00 00 00 48 c1 e3 05 48 8d 05 6b bb 07 00 48 03
0x00007fff4dc73527:   d8 83 7b 04 00 74 30 33 d2 48 8b cb ff 15 6f b4
0x00007fff4dc73537:   07 00 85 c0 74 21 48 8b 83 e8 00 00 00 48 83 c4
0x00007fff4dc73547:   20 5b c3 44 8b c3 48 8d 15 e4 68 06 00 b9 03 00
0x00007fff4dc73557:   01 00 e8 52 e9 ff ff 33 c0 48 83 c4 20 5b c3 cc 


Stack slot to memory mapping:

stack at sp + 0 slots: 0x0000019c47d1ce4b is at code_begin+1067 in an Interpreter codelet
native method entry point (kind = native)  [0x0000019c47d1ca20, 0x0000019c47d1d548]  2856 bytes
stack at sp + 1 slots: 0x0 is null
stack at sp + 2 slots: 0x000000000000000d is an unknown value
stack at sp + 3 slots: 0x0000019c3aac0ca0 is a thread
stack at sp + 4 slots: 0x0000000000000120 is an unknown value
stack at sp + 5 slots: 0x0 is null
stack at sp + 6 slots: 0x00007fff4dc73460 glfw.dll
stack at sp + 7 slots: 0x0000002e6effef98 is pointing into the stack for thread: 0x0000019c3aac0ca0


---------------  P R O C E S S  ---------------

Threads class SMR info:
_java_thread_list=0x0000019c5c643a40, length=11, elements={
0x0000019c3aac0ca0, 0x0000019c57572510, 0x0000019c5754ff60, 0x0000019c57552870,
0x0000019c57554ef0, 0x0000019c57576e90, 0x0000019c5757f0f0, 0x0000019c57585ca0,
0x0000019c57586af0, 0x0000019c5757f780, 0x0000019c5757fe10
}

Java Threads: ( => current thread )
=>0x0000019c3aac0ca0 JavaThread "main"                              [_thread_in_native, id=22232, stack(0x0000002e6ef00000,0x0000002e6f000000) (1024K)]
  0x0000019c57572510 JavaThread "Reference Handler"          daemon [_thread_blocked, id=5584, stack(0x0000002e6f700000,0x0000002e6f800000) (1024K)]
  0x0000019c5754ff60 JavaThread "Finalizer"                  daemon [_thread_blocked, id=20248, stack(0x0000002e6f800000,0x0000002e6f900000) (1024K)]
  0x0000019c57552870 JavaThread "Signal Dispatcher"          daemon [_thread_blocked, id=29536, stack(0x0000002e6f900000,0x0000002e6fa00000) (1024K)]
  0x0000019c57554ef0 JavaThread "Attach Listener"            daemon [_thread_blocked, id=32324, stack(0x0000002e6fa00000,0x0000002e6fb00000) (1024K)]
  0x0000019c57576e90 JavaThread "Service Thread"             daemon [_thread_blocked, id=16604, stack(0x0000002e6fb00000,0x0000002e6fc00000) (1024K)]
  0x0000019c5757f0f0 JavaThread "Monitor Deflation Thread"   daemon [_thread_blocked, id=25632, stack(0x0000002e6fc00000,0x0000002e6fd00000) (1024K)]
  0x0000019c57585ca0 JavaThread "C2 CompilerThread0"         daemon [_thread_blocked, id=14392, stack(0x0000002e6fd00000,0x0000002e6fe00000) (1024K)]
  0x0000019c57586af0 JavaThread "C1 CompilerThread0"         daemon [_thread_blocked, id=7284, stack(0x0000002e6fe00000,0x0000002e6ff00000) (1024K)]
  0x0000019c5757f780 JavaThread "Notification Thread"        daemon [_thread_blocked, id=28220, stack(0x0000002e6ff00000,0x0000002e70000000) (1024K)]
  0x0000019c5757fe10 JavaThread "Common-Cleaner"             daemon [_thread_blocked, id=33764, stack(0x0000002e70000000,0x0000002e70100000) (1024K)]
Total: 11

Other Threads:
  0x0000019c574de5d0 VMThread "VM Thread"                           [id=16788, stack(0x0000002e6f600000,0x0000002e6f700000) (1024K)]
  0x0000019c5745dbe0 WatcherThread "VM Periodic Task Thread"        [id=30268, stack(0x0000002e6f500000,0x0000002e6f600000) (1024K)]
  0x0000019c3cd39740 WorkerThread "GC Thread#0"                     [id=17080, stack(0x0000002e6f000000,0x0000002e6f100000) (1024K)]
  0x0000019c3cd4ae70 ConcurrentGCThread "G1 Main Marker"            [id=4840, stack(0x0000002e6f100000,0x0000002e6f200000) (1024K)]
  0x0000019c3cd4b970 WorkerThread "G1 Conc#0"                       [id=32796, stack(0x0000002e6f200000,0x0000002e6f300000) (1024K)]
  0x0000019c3cd9e900 ConcurrentGCThread "G1 Refine#0"               [id=35796, stack(0x0000002e6f300000,0x0000002e6f400000) (1024K)]
  0x0000019c57334180 ConcurrentGCThread "G1 Service"                [id=7372, stack(0x0000002e6f400000,0x0000002e6f500000) (1024K)]
Total: 7

Threads with active compile tasks:
Total: 0

VM state: not at safepoint (normal execution)

VM Mutex/Monitor currently owned by a thread: None

Heap address: 0x0000000702000000, size: 4064 MB, Compressed Oops mode: Zero based, Oop shift amount: 3

CDS archive(s) not mapped
Compressed class space mapped at: 0x0000000800000000-0x0000000840000000, reserved size: 1073741824
Narrow klass base: 0x0000000800000000, Narrow klass shift: 0, Narrow klass range: 0x40000000

GC Precious Log:
 CardTable entry size: 512
 Card Set container configuration: InlinePtr #cards 4 size 8 Array Of Cards #cards 16 size 48 Howl #buckets 8 coarsen threshold 3686 Howl Bitmap #cards 512 size 80 coarsen threshold 460 Card regions per heap region 1 cards per card region 4096
 CPUs: 8 total, 8 available
 Memory: 16252M
 Large Page Support: Disabled
 NUMA Support: Disabled
 Compressed Oops: Enabled (Zero based)
 Heap Region Size: 2M
 Heap Min Capacity: 8M
 Heap Initial Capacity: 254M
 Heap Max Capacity: 4064M
 Pre-touch: Disabled
 Parallel Workers: 8
 Concurrent Workers: 2
 Concurrent Refinement Workers: 8
 Periodic GC: Disabled

Heap:
 garbage-first heap   total 260096K, used 6144K [0x0000000702000000, 0x0000000800000000)
  region size 2048K, 4 young (8192K), 0 survivors (0K)
 Metaspace       used 10067K, committed 10240K, reserved 1114112K
  class space    used 763K, committed 832K, reserved 1048576K

Heap Regions: E=young(eden), S=young(survivor), O=old, HS=humongous(starts), HC=humongous(continues), CS=collection set, F=free, TAMS=top-at-mark-start, PB=parsable bottom
|   0|0x0000000702000000, 0x0000000702000000, 0x0000000702200000|  0%| F|  |TAMS 0x0000000702000000| PB 0x0000000702000000| Untracked 
|   1|0x0000000702200000, 0x0000000702200000, 0x0000000702400000|  0%| F|  |TAMS 0x0000000702200000| PB 0x0000000702200000| Untracked 
|   2|0x0000000702400000, 0x0000000702400000, 0x0000000702600000|  0%| F|  |TAMS 0x0000000702400000| PB 0x0000000702400000| Untracked 
|   3|0x0000000702600000, 0x0000000702600000, 0x0000000702800000|  0%| F|  |TAMS 0x0000000702600000| PB 0x0000000702600000| Untracked 
|   4|0x0000000702800000, 0x0000000702800000, 0x0000000702a00000|  0%| F|  |TAMS 0x0000000702800000| PB 0x0000000702800000| Untracked 
|   5|0x0000000702a00000, 0x0000000702a00000, 0x0000000702c00000|  0%| F|  |TAMS 0x0000000702a00000| PB 0x0000000702a00000| Untracked 
|   6|0x0000000702c00000, 0x0000000702c00000, 0x0000000702e00000|  0%| F|  |TAMS 0x0000000702c00000| PB 0x0000000702c00000| Untracked 
|   7|0x0000000702e00000, 0x0000000702e00000, 0x0000000703000000|  0%| F|  |TAMS 0x0000000702e00000| PB 0x0000000702e00000| Untracked 
|   8|0x0000000703000000, 0x0000000703000000, 0x0000000703200000|  0%| F|  |TAMS 0x0000000703000000| PB 0x0000000703000000| Untracked 
|   9|0x0000000703200000, 0x0000000703200000, 0x0000000703400000|  0%| F|  |TAMS 0x0000000703200000| PB 0x0000000703200000| Untracked 
|  10|0x0000000703400000, 0x0000000703400000, 0x0000000703600000|  0%| F|  |TAMS 0x0000000703400000| PB 0x0000000703400000| Untracked 
|  11|0x0000000703600000, 0x0000000703600000, 0x0000000703800000|  0%| F|  |TAMS 0x0000000703600000| PB 0x0000000703600000| Untracked 
|  12|0x0000000703800000, 0x0000000703800000, 0x0000000703a00000|  0%| F|  |TAMS 0x0000000703800000| PB 0x0000000703800000| Untracked 
|  13|0x0000000703a00000, 0x0000000703a00000, 0x0000000703c00000|  0%| F|  |TAMS 0x0000000703a00000| PB 0x0000000703a00000| Untracked 
|  14|0x0000000703c00000, 0x0000000703c00000, 0x0000000703e00000|  0%| F|  |TAMS 0x0000000703c00000| PB 0x0000000703c00000| Untracked 
|  15|0x0000000703e00000, 0x0000000703e00000, 0x0000000704000000|  0%| F|  |TAMS 0x0000000703e00000| PB 0x0000000703e00000| Untracked 
|  16|0x0000000704000000, 0x0000000704000000, 0x0000000704200000|  0%| F|  |TAMS 0x0000000704000000| PB 0x0000000704000000| Untracked 
|  17|0x0000000704200000, 0x0000000704200000, 0x0000000704400000|  0%| F|  |TAMS 0x0000000704200000| PB 0x0000000704200000| Untracked 
|  18|0x0000000704400000, 0x0000000704400000, 0x0000000704600000|  0%| F|  |TAMS 0x0000000704400000| PB 0x0000000704400000| Untracked 
|  19|0x0000000704600000, 0x0000000704600000, 0x0000000704800000|  0%| F|  |TAMS 0x0000000704600000| PB 0x0000000704600000| Untracked 
|  20|0x0000000704800000, 0x0000000704800000, 0x0000000704a00000|  0%| F|  |TAMS 0x0000000704800000| PB 0x0000000704800000| Untracked 
|  21|0x0000000704a00000, 0x0000000704a00000, 0x0000000704c00000|  0%| F|  |TAMS 0x0000000704a00000| PB 0x0000000704a00000| Untracked 
|  22|0x0000000704c00000, 0x0000000704c00000, 0x0000000704e00000|  0%| F|  |TAMS 0x0000000704c00000| PB 0x0000000704c00000| Untracked 
|  23|0x0000000704e00000, 0x0000000704e00000, 0x0000000705000000|  0%| F|  |TAMS 0x0000000704e00000| PB 0x0000000704e00000| Untracked 
|  24|0x0000000705000000, 0x0000000705000000, 0x0000000705200000|  0%| F|  |TAMS 0x0000000705000000| PB 0x0000000705000000| Untracked 
|  25|0x0000000705200000, 0x0000000705200000, 0x0000000705400000|  0%| F|  |TAMS 0x0000000705200000| PB 0x0000000705200000| Untracked 
|  26|0x0000000705400000, 0x0000000705400000, 0x0000000705600000|  0%| F|  |TAMS 0x0000000705400000| PB 0x0000000705400000| Untracked 
|  27|0x0000000705600000, 0x0000000705600000, 0x0000000705800000|  0%| F|  |TAMS 0x0000000705600000| PB 0x0000000705600000| Untracked 
|  28|0x0000000705800000, 0x0000000705800000, 0x0000000705a00000|  0%| F|  |TAMS 0x0000000705800000| PB 0x0000000705800000| Untracked 
|  29|0x0000000705a00000, 0x0000000705a00000, 0x0000000705c00000|  0%| F|  |TAMS 0x0000000705a00000| PB 0x0000000705a00000| Untracked 
|  30|0x0000000705c00000, 0x0000000705c00000, 0x0000000705e00000|  0%| F|  |TAMS 0x0000000705c00000| PB 0x0000000705c00000| Untracked 
|  31|0x0000000705e00000, 0x0000000705e00000, 0x0000000706000000|  0%| F|  |TAMS 0x0000000705e00000| PB 0x0000000705e00000| Untracked 
|  32|0x0000000706000000, 0x0000000706000000, 0x0000000706200000|  0%| F|  |TAMS 0x0000000706000000| PB 0x0000000706000000| Untracked 
|  33|0x0000000706200000, 0x0000000706200000, 0x0000000706400000|  0%| F|  |TAMS 0x0000000706200000| PB 0x0000000706200000| Untracked 
|  34|0x0000000706400000, 0x0000000706400000, 0x0000000706600000|  0%| F|  |TAMS 0x0000000706400000| PB 0x0000000706400000| Untracked 
|  35|0x0000000706600000, 0x0000000706600000, 0x0000000706800000|  0%| F|  |TAMS 0x0000000706600000| PB 0x0000000706600000| Untracked 
|  36|0x0000000706800000, 0x0000000706800000, 0x0000000706a00000|  0%| F|  |TAMS 0x0000000706800000| PB 0x0000000706800000| Untracked 
|  37|0x0000000706a00000, 0x0000000706a00000, 0x0000000706c00000|  0%| F|  |TAMS 0x0000000706a00000| PB 0x0000000706a00000| Untracked 
|  38|0x0000000706c00000, 0x0000000706c00000, 0x0000000706e00000|  0%| F|  |TAMS 0x0000000706c00000| PB 0x0000000706c00000| Untracked 
|  39|0x0000000706e00000, 0x0000000706e00000, 0x0000000707000000|  0%| F|  |TAMS 0x0000000706e00000| PB 0x0000000706e00000| Untracked 
|  40|0x0000000707000000, 0x0000000707000000, 0x0000000707200000|  0%| F|  |TAMS 0x0000000707000000| PB 0x0000000707000000| Untracked 
|  41|0x0000000707200000, 0x0000000707200000, 0x0000000707400000|  0%| F|  |TAMS 0x0000000707200000| PB 0x0000000707200000| Untracked 
|  42|0x0000000707400000, 0x0000000707400000, 0x0000000707600000|  0%| F|  |TAMS 0x0000000707400000| PB 0x0000000707400000| Untracked 
|  43|0x0000000707600000, 0x0000000707600000, 0x0000000707800000|  0%| F|  |TAMS 0x0000000707600000| PB 0x0000000707600000| Untracked 
|  44|0x0000000707800000, 0x0000000707800000, 0x0000000707a00000|  0%| F|  |TAMS 0x0000000707800000| PB 0x0000000707800000| Untracked 
|  45|0x0000000707a00000, 0x0000000707a00000, 0x0000000707c00000|  0%| F|  |TAMS 0x0000000707a00000| PB 0x0000000707a00000| Untracked 
|  46|0x0000000707c00000, 0x0000000707c00000, 0x0000000707e00000|  0%| F|  |TAMS 0x0000000707c00000| PB 0x0000000707c00000| Untracked 
|  47|0x0000000707e00000, 0x0000000707e00000, 0x0000000708000000|  0%| F|  |TAMS 0x0000000707e00000| PB 0x0000000707e00000| Untracked 
|  48|0x0000000708000000, 0x0000000708000000, 0x0000000708200000|  0%| F|  |TAMS 0x0000000708000000| PB 0x0000000708000000| Untracked 
|  49|0x0000000708200000, 0x0000000708200000, 0x0000000708400000|  0%| F|  |TAMS 0x0000000708200000| PB 0x0000000708200000| Untracked 
|  50|0x0000000708400000, 0x0000000708400000, 0x0000000708600000|  0%| F|  |TAMS 0x0000000708400000| PB 0x0000000708400000| Untracked 
|  51|0x0000000708600000, 0x0000000708600000, 0x0000000708800000|  0%| F|  |TAMS 0x0000000708600000| PB 0x0000000708600000| Untracked 
|  52|0x0000000708800000, 0x0000000708800000, 0x0000000708a00000|  0%| F|  |TAMS 0x0000000708800000| PB 0x0000000708800000| Untracked 
|  53|0x0000000708a00000, 0x0000000708a00000, 0x0000000708c00000|  0%| F|  |TAMS 0x0000000708a00000| PB 0x0000000708a00000| Untracked 
|  54|0x0000000708c00000, 0x0000000708c00000, 0x0000000708e00000|  0%| F|  |TAMS 0x0000000708c00000| PB 0x0000000708c00000| Untracked 
|  55|0x0000000708e00000, 0x0000000708e00000, 0x0000000709000000|  0%| F|  |TAMS 0x0000000708e00000| PB 0x0000000708e00000| Untracked 
|  56|0x0000000709000000, 0x0000000709000000, 0x0000000709200000|  0%| F|  |TAMS 0x0000000709000000| PB 0x0000000709000000| Untracked 
|  57|0x0000000709200000, 0x0000000709200000, 0x0000000709400000|  0%| F|  |TAMS 0x0000000709200000| PB 0x0000000709200000| Untracked 
|  58|0x0000000709400000, 0x0000000709400000, 0x0000000709600000|  0%| F|  |TAMS 0x0000000709400000| PB 0x0000000709400000| Untracked 
|  59|0x0000000709600000, 0x0000000709600000, 0x0000000709800000|  0%| F|  |TAMS 0x0000000709600000| PB 0x0000000709600000| Untracked 
|  60|0x0000000709800000, 0x0000000709800000, 0x0000000709a00000|  0%| F|  |TAMS 0x0000000709800000| PB 0x0000000709800000| Untracked 
|  61|0x0000000709a00000, 0x0000000709a00000, 0x0000000709c00000|  0%| F|  |TAMS 0x0000000709a00000| PB 0x0000000709a00000| Untracked 
|  62|0x0000000709c00000, 0x0000000709c00000, 0x0000000709e00000|  0%| F|  |TAMS 0x0000000709c00000| PB 0x0000000709c00000| Untracked 
|  63|0x0000000709e00000, 0x0000000709e00000, 0x000000070a000000|  0%| F|  |TAMS 0x0000000709e00000| PB 0x0000000709e00000| Untracked 
|  64|0x000000070a000000, 0x000000070a000000, 0x000000070a200000|  0%| F|  |TAMS 0x000000070a000000| PB 0x000000070a000000| Untracked 
|  65|0x000000070a200000, 0x000000070a200000, 0x000000070a400000|  0%| F|  |TAMS 0x000000070a200000| PB 0x000000070a200000| Untracked 
|  66|0x000000070a400000, 0x000000070a400000, 0x000000070a600000|  0%| F|  |TAMS 0x000000070a400000| PB 0x000000070a400000| Untracked 
|  67|0x000000070a600000, 0x000000070a600000, 0x000000070a800000|  0%| F|  |TAMS 0x000000070a600000| PB 0x000000070a600000| Untracked 
|  68|0x000000070a800000, 0x000000070a800000, 0x000000070aa00000|  0%| F|  |TAMS 0x000000070a800000| PB 0x000000070a800000| Untracked 
|  69|0x000000070aa00000, 0x000000070aa00000, 0x000000070ac00000|  0%| F|  |TAMS 0x000000070aa00000| PB 0x000000070aa00000| Untracked 
|  70|0x000000070ac00000, 0x000000070ac00000, 0x000000070ae00000|  0%| F|  |TAMS 0x000000070ac00000| PB 0x000000070ac00000| Untracked 
|  71|0x000000070ae00000, 0x000000070ae00000, 0x000000070b000000|  0%| F|  |TAMS 0x000000070ae00000| PB 0x000000070ae00000| Untracked 
|  72|0x000000070b000000, 0x000000070b000000, 0x000000070b200000|  0%| F|  |TAMS 0x000000070b000000| PB 0x000000070b000000| Untracked 
|  73|0x000000070b200000, 0x000000070b200000, 0x000000070b400000|  0%| F|  |TAMS 0x000000070b200000| PB 0x000000070b200000| Untracked 
|  74|0x000000070b400000, 0x000000070b400000, 0x000000070b600000|  0%| F|  |TAMS 0x000000070b400000| PB 0x000000070b400000| Untracked 
|  75|0x000000070b600000, 0x000000070b600000, 0x000000070b800000|  0%| F|  |TAMS 0x000000070b600000| PB 0x000000070b600000| Untracked 
|  76|0x000000070b800000, 0x000000070b800000, 0x000000070ba00000|  0%| F|  |TAMS 0x000000070b800000| PB 0x000000070b800000| Untracked 
|  77|0x000000070ba00000, 0x000000070ba00000, 0x000000070bc00000|  0%| F|  |TAMS 0x000000070ba00000| PB 0x000000070ba00000| Untracked 
|  78|0x000000070bc00000, 0x000000070bc00000, 0x000000070be00000|  0%| F|  |TAMS 0x000000070bc00000| PB 0x000000070bc00000| Untracked 
|  79|0x000000070be00000, 0x000000070be00000, 0x000000070c000000|  0%| F|  |TAMS 0x000000070be00000| PB 0x000000070be00000| Untracked 
|  80|0x000000070c000000, 0x000000070c000000, 0x000000070c200000|  0%| F|  |TAMS 0x000000070c000000| PB 0x000000070c000000| Untracked 
|  81|0x000000070c200000, 0x000000070c200000, 0x000000070c400000|  0%| F|  |TAMS 0x000000070c200000| PB 0x000000070c200000| Untracked 
|  82|0x000000070c400000, 0x000000070c400000, 0x000000070c600000|  0%| F|  |TAMS 0x000000070c400000| PB 0x000000070c400000| Untracked 
|  83|0x000000070c600000, 0x000000070c600000, 0x000000070c800000|  0%| F|  |TAMS 0x000000070c600000| PB 0x000000070c600000| Untracked 
|  84|0x000000070c800000, 0x000000070c800000, 0x000000070ca00000|  0%| F|  |TAMS 0x000000070c800000| PB 0x000000070c800000| Untracked 
|  85|0x000000070ca00000, 0x000000070ca00000, 0x000000070cc00000|  0%| F|  |TAMS 0x000000070ca00000| PB 0x000000070ca00000| Untracked 
|  86|0x000000070cc00000, 0x000000070cc00000, 0x000000070ce00000|  0%| F|  |TAMS 0x000000070cc00000| PB 0x000000070cc00000| Untracked 
|  87|0x000000070ce00000, 0x000000070ce00000, 0x000000070d000000|  0%| F|  |TAMS 0x000000070ce00000| PB 0x000000070ce00000| Untracked 
|  88|0x000000070d000000, 0x000000070d000000, 0x000000070d200000|  0%| F|  |TAMS 0x000000070d000000| PB 0x000000070d000000| Untracked 
|  89|0x000000070d200000, 0x000000070d200000, 0x000000070d400000|  0%| F|  |TAMS 0x000000070d200000| PB 0x000000070d200000| Untracked 
|  90|0x000000070d400000, 0x000000070d400000, 0x000000070d600000|  0%| F|  |TAMS 0x000000070d400000| PB 0x000000070d400000| Untracked 
|  91|0x000000070d600000, 0x000000070d600000, 0x000000070d800000|  0%| F|  |TAMS 0x000000070d600000| PB 0x000000070d600000| Untracked 
|  92|0x000000070d800000, 0x000000070d800000, 0x000000070da00000|  0%| F|  |TAMS 0x000000070d800000| PB 0x000000070d800000| Untracked 
|  93|0x000000070da00000, 0x000000070da00000, 0x000000070dc00000|  0%| F|  |TAMS 0x000000070da00000| PB 0x000000070da00000| Untracked 
|  94|0x000000070dc00000, 0x000000070dc00000, 0x000000070de00000|  0%| F|  |TAMS 0x000000070dc00000| PB 0x000000070dc00000| Untracked 
|  95|0x000000070de00000, 0x000000070de00000, 0x000000070e000000|  0%| F|  |TAMS 0x000000070de00000| PB 0x000000070de00000| Untracked 
|  96|0x000000070e000000, 0x000000070e000000, 0x000000070e200000|  0%| F|  |TAMS 0x000000070e000000| PB 0x000000070e000000| Untracked 
|  97|0x000000070e200000, 0x000000070e200000, 0x000000070e400000|  0%| F|  |TAMS 0x000000070e200000| PB 0x000000070e200000| Untracked 
|  98|0x000000070e400000, 0x000000070e400000, 0x000000070e600000|  0%| F|  |TAMS 0x000000070e400000| PB 0x000000070e400000| Untracked 
|  99|0x000000070e600000, 0x000000070e600000, 0x000000070e800000|  0%| F|  |TAMS 0x000000070e600000| PB 0x000000070e600000| Untracked 
| 100|0x000000070e800000, 0x000000070e800000, 0x000000070ea00000|  0%| F|  |TAMS 0x000000070e800000| PB 0x000000070e800000| Untracked 
| 101|0x000000070ea00000, 0x000000070ea00000, 0x000000070ec00000|  0%| F|  |TAMS 0x000000070ea00000| PB 0x000000070ea00000| Untracked 
| 102|0x000000070ec00000, 0x000000070ec00000, 0x000000070ee00000|  0%| F|  |TAMS 0x000000070ec00000| PB 0x000000070ec00000| Untracked 
| 103|0x000000070ee00000, 0x000000070ee00000, 0x000000070f000000|  0%| F|  |TAMS 0x000000070ee00000| PB 0x000000070ee00000| Untracked 
| 104|0x000000070f000000, 0x000000070f000000, 0x000000070f200000|  0%| F|  |TAMS 0x000000070f000000| PB 0x000000070f000000| Untracked 
| 105|0x000000070f200000, 0x000000070f200000, 0x000000070f400000|  0%| F|  |TAMS 0x000000070f200000| PB 0x000000070f200000| Untracked 
| 106|0x000000070f400000, 0x000000070f400000, 0x000000070f600000|  0%| F|  |TAMS 0x000000070f400000| PB 0x000000070f400000| Untracked 
| 107|0x000000070f600000, 0x000000070f600000, 0x000000070f800000|  0%| F|  |TAMS 0x000000070f600000| PB 0x000000070f600000| Untracked 
| 108|0x000000070f800000, 0x000000070f800000, 0x000000070fa00000|  0%| F|  |TAMS 0x000000070f800000| PB 0x000000070f800000| Untracked 
| 109|0x000000070fa00000, 0x000000070fa00000, 0x000000070fc00000|  0%| F|  |TAMS 0x000000070fa00000| PB 0x000000070fa00000| Untracked 
| 110|0x000000070fc00000, 0x000000070fc00000, 0x000000070fe00000|  0%| F|  |TAMS 0x000000070fc00000| PB 0x000000070fc00000| Untracked 
| 111|0x000000070fe00000, 0x000000070fe00000, 0x0000000710000000|  0%| F|  |TAMS 0x000000070fe00000| PB 0x000000070fe00000| Untracked 
| 112|0x0000000710000000, 0x0000000710000000, 0x0000000710200000|  0%| F|  |TAMS 0x0000000710000000| PB 0x0000000710000000| Untracked 
| 113|0x0000000710200000, 0x0000000710200000, 0x0000000710400000|  0%| F|  |TAMS 0x0000000710200000| PB 0x0000000710200000| Untracked 
| 114|0x0000000710400000, 0x0000000710400000, 0x0000000710600000|  0%| F|  |TAMS 0x0000000710400000| PB 0x0000000710400000| Untracked 
| 115|0x0000000710600000, 0x0000000710600000, 0x0000000710800000|  0%| F|  |TAMS 0x0000000710600000| PB 0x0000000710600000| Untracked 
| 116|0x0000000710800000, 0x0000000710800000, 0x0000000710a00000|  0%| F|  |TAMS 0x0000000710800000| PB 0x0000000710800000| Untracked 
| 117|0x0000000710a00000, 0x0000000710a00000, 0x0000000710c00000|  0%| F|  |TAMS 0x0000000710a00000| PB 0x0000000710a00000| Untracked 
| 118|0x0000000710c00000, 0x0000000710c00000, 0x0000000710e00000|  0%| F|  |TAMS 0x0000000710c00000| PB 0x0000000710c00000| Untracked 
| 119|0x0000000710e00000, 0x0000000710e00000, 0x0000000711000000|  0%| F|  |TAMS 0x0000000710e00000| PB 0x0000000710e00000| Untracked 
| 120|0x0000000711000000, 0x0000000711000000, 0x0000000711200000|  0%| F|  |TAMS 0x0000000711000000| PB 0x0000000711000000| Untracked 
| 121|0x0000000711200000, 0x0000000711200000, 0x0000000711400000|  0%| F|  |TAMS 0x0000000711200000| PB 0x0000000711200000| Untracked 
| 122|0x0000000711400000, 0x0000000711400000, 0x0000000711600000|  0%| F|  |TAMS 0x0000000711400000| PB 0x0000000711400000| Untracked 
| 123|0x0000000711600000, 0x0000000711800000, 0x0000000711800000|100%| E|  |TAMS 0x0000000711600000| PB 0x0000000711600000| Complete 
| 124|0x0000000711800000, 0x0000000711a00000, 0x0000000711a00000|100%| E|CS|TAMS 0x0000000711800000| PB 0x0000000711800000| Complete 
| 125|0x0000000711a00000, 0x0000000711c00000, 0x0000000711c00000|100%| E|CS|TAMS 0x0000000711a00000| PB 0x0000000711a00000| Complete 
| 126|0x0000000711c00000, 0x0000000711e00000, 0x0000000711e00000|100%| E|CS|TAMS 0x0000000711c00000| PB 0x0000000711c00000| Complete 

Card table byte_map: [0x0000019c50300000,0x0000019c50af0000] _byte_map_base: 0x0000019c4caf0000

Marking Bits: (CMBitMap*) 0x0000019c3cd39e40
 Bits: [0x0000019c50af0000, 0x0000019c54a70000)

Polling page: 0x0000019c3acb0000

Metaspace:

Usage:
  Non-class:      9.09 MB used.
      Class:    763.05 KB used.
       Both:      9.83 MB used.

Virtual space:
  Non-class space:       64.00 MB reserved,       9.19 MB ( 14%) committed,  1 nodes.
      Class space:        1.00 GB reserved,     832.00 KB ( <1%) committed,  1 nodes.
             Both:        1.06 GB reserved,      10.00 MB ( <1%) committed. 

Chunk freelists:
   Non-Class:  5.97 MB
       Class:  15.16 MB
        Both:  21.13 MB

MaxMetaspaceSize: unlimited
CompressedClassSpaceSize: 1.00 GB
Initial GC threshold: 21.00 MB
Current GC threshold: 21.00 MB
CDS: off
 - commit_granule_bytes: 65536.
 - commit_granule_words: 8192.
 - virtual_space_node_default_size: 8388608.
 - enlarge_chunks_in_place: 1.
 - use_allocation_guard: 0.


Internal statistics:

num_allocs_failed_limit: 0.
num_arena_births: 64.
num_arena_deaths: 0.
num_vsnodes_births: 2.
num_vsnodes_deaths: 0.
num_space_committed: 158.
num_space_uncommitted: 0.
num_chunks_returned_to_freelist: 0.
num_chunks_taken_from_freelist: 151.
num_chunk_merges: 0.
num_chunk_splits: 84.
num_chunks_enlarged: 53.
num_inconsistent_stats: 0.

CodeHeap 'non-profiled nmethods': size=120000Kb used=213Kb max_used=213Kb free=119786Kb
 bounds [0x0000019c482b0000, 0x0000019c48520000, 0x0000019c4f7e0000]
CodeHeap 'profiled nmethods': size=120000Kb used=996Kb max_used=996Kb free=119003Kb
 bounds [0x0000019c407e0000, 0x0000019c40a50000, 0x0000019c47d10000]
CodeHeap 'non-nmethods': size=5760Kb used=2048Kb max_used=2066Kb free=3711Kb
 bounds [0x0000019c47d10000, 0x0000019c47f80000, 0x0000019c482b0000]
 total_blobs=1699 nmethods=673 adapters=931
 compilation: enabled
              stopped_count=0, restarted_count=0
 full_count=0

Compilation events (20 events):
Event: 0.736 Thread 0x0000019c57586af0  665       3       org.lwjgl.PointerBuffer::put (24 bytes)
Event: 0.736 Thread 0x0000019c57586af0 nmethod 665 0x0000019c408d7290 code [0x0000019c408d7460, 0x0000019c408d77b0]
Event: 0.736 Thread 0x0000019c57586af0  638       3       jdk.internal.org.objectweb.asm.ByteVector::putByteArray (49 bytes)
Event: 0.737 Thread 0x0000019c57586af0 nmethod 638 0x0000019c408d7990 code [0x0000019c408d7b60, 0x0000019c408d7e38]
Event: 0.737 Thread 0x0000019c57585ca0  666       4       org.lwjgl.system.MemoryUtil::encodeASCIIUnsafe (53 bytes)
Event: 0.738 Thread 0x0000019c57585ca0 nmethod 666 0x0000019c482e4310 code [0x0000019c482e44c0, 0x0000019c482e46e0]
Event: 0.753 Thread 0x0000019c57586af0  667       3       java.util.HashSet::contains (9 bytes)
Event: 0.753 Thread 0x0000019c57586af0 nmethod 667 0x0000019c408d7f90 code [0x0000019c408d8140, 0x0000019c408d83c0]
Event: 0.753 Thread 0x0000019c57586af0  668       3       java.util.HashMap::containsKey (14 bytes)
Event: 0.753 Thread 0x0000019c57586af0 nmethod 668 0x0000019c408d8490 code [0x0000019c408d8640, 0x0000019c408d87d0]
Event: 0.755 Thread 0x0000019c57585ca0  669       4       org.lwjgl.system.MemoryStack::pop (22 bytes)
Event: 0.756 Thread 0x0000019c57585ca0 nmethod 669 0x0000019c482e4910 code [0x0000019c482e4aa0, 0x0000019c482e4b90]
Event: 0.762 Thread 0x0000019c57586af0  670       3       org.lwjgl.system.Checks::checkFunctions (81 bytes)
Event: 0.762 Thread 0x0000019c57586af0 nmethod 670 0x0000019c408d8890 code [0x0000019c408d8a80, 0x0000019c408d8f00]
Event: 0.845 Thread 0x0000019c57586af0  671       1       org.lwjgl.system.CustomBuffer::limit (5 bytes)
Event: 0.845 Thread 0x0000019c57585ca0  672       4       org.lwjgl.PointerBuffer::get (22 bytes)
Event: 0.845 Thread 0x0000019c57586af0 nmethod 671 0x0000019c482e4c90 code [0x0000019c482e4e20, 0x0000019c482e4ee8]
Event: 0.846 Thread 0x0000019c57585ca0 nmethod 672 0x0000019c482e4f90 code [0x0000019c482e5120, 0x0000019c482e5200]
Event: 0.846 Thread 0x0000019c57586af0  673       1       java.lang.NamedPackage::module (5 bytes)
Event: 0.846 Thread 0x0000019c57586af0 nmethod 673 0x0000019c482e5310 code [0x0000019c482e54a0, 0x0000019c482e5570]

GC Heap History (0 events):
No events

Dll operation events (8 events):
Event: 0.006 Loaded shared library C:\ManuallyInstalledPrograms\Eclipse\java\plugins\org.eclipse.justj.openjdk.hotspot.jre.full.win32.x86_64_21.0.3.v20240426-1530\jre\bin\java.dll
Event: 0.013 Loaded shared library C:\ManuallyInstalledPrograms\Eclipse\java\plugins\org.eclipse.justj.openjdk.hotspot.jre.full.win32.x86_64_21.0.3.v20240426-1530\jre\bin\zip.dll
Event: 0.165 Loaded shared library C:\ManuallyInstalledPrograms\Eclipse\java\plugins\org.eclipse.justj.openjdk.hotspot.jre.full.win32.x86_64_21.0.3.v20240426-1530\jre\bin\net.dll
Event: 0.167 Loaded shared library C:\ManuallyInstalledPrograms\Eclipse\java\plugins\org.eclipse.justj.openjdk.hotspot.jre.full.win32.x86_64_21.0.3.v20240426-1530\jre\bin\nio.dll
Event: 0.179 Loaded shared library C:\ManuallyInstalledPrograms\Eclipse\java\plugins\org.eclipse.justj.openjdk.hotspot.jre.full.win32.x86_64_21.0.3.v20240426-1530\jre\bin\zip.dll
Event: 0.248 Loaded shared library C:\ManuallyInstalledPrograms\Eclipse\java\plugins\org.eclipse.justj.openjdk.hotspot.jre.full.win32.x86_64_21.0.3.v20240426-1530\jre\bin\jimage.dll
Event: 0.283 Loaded shared library C:\Users\mudki\AppData\Local\Temp\lwjgl_mudki\3.3.6+1\x64\lwjgl.dll
Event: 0.594 Loaded shared library C:\Users\mudki\AppData\Local\Temp\lwjgl_mudki\3.3.6+1\x64\lwjgl_opengl.dll

Deoptimization events (20 events):
Event: 0.605 Thread 0x0000019c3aac0ca0 DEOPT PACKING pc=0x0000019c4087518b sp=0x0000002e6effdcf0
Event: 0.605 Thread 0x0000019c3aac0ca0 DEOPT UNPACKING pc=0x0000019c47d64e42 sp=0x0000002e6effd188 mode 0
Event: 0.605 Thread 0x0000019c3aac0ca0 DEOPT PACKING pc=0x0000019c4087501a sp=0x0000002e6effdcf0
Event: 0.605 Thread 0x0000019c3aac0ca0 DEOPT UNPACKING pc=0x0000019c47d64e42 sp=0x0000002e6effd188 mode 0
Event: 0.605 Thread 0x0000019c3aac0ca0 DEOPT PACKING pc=0x0000019c40874f3b sp=0x0000002e6effdcf0
Event: 0.605 Thread 0x0000019c3aac0ca0 DEOPT UNPACKING pc=0x0000019c47d64e42 sp=0x0000002e6effd188 mode 0
Event: 0.605 Thread 0x0000019c3aac0ca0 DEOPT PACKING pc=0x0000019c40874f3b sp=0x0000002e6effdcf0
Event: 0.605 Thread 0x0000019c3aac0ca0 DEOPT UNPACKING pc=0x0000019c47d64e42 sp=0x0000002e6effd188 mode 0
Event: 0.605 Thread 0x0000019c3aac0ca0 DEOPT PACKING pc=0x0000019c40874f3b sp=0x0000002e6effdcf0
Event: 0.605 Thread 0x0000019c3aac0ca0 DEOPT UNPACKING pc=0x0000019c47d64e42 sp=0x0000002e6effd188 mode 0
Event: 0.605 Thread 0x0000019c3aac0ca0 DEOPT PACKING pc=0x0000019c40874f3b sp=0x0000002e6effdcf0
Event: 0.605 Thread 0x0000019c3aac0ca0 DEOPT UNPACKING pc=0x0000019c47d64e42 sp=0x0000002e6effd188 mode 0
Event: 0.732 Thread 0x0000019c3aac0ca0 Uncommon trap: trap_request=0xffffff54 fr.pc=0x0000019c482e2794 relative=0x0000000000000074
Event: 0.732 Thread 0x0000019c3aac0ca0 Uncommon trap: reason=speculate_null_assert action=make_not_entrant pc=0x0000019c482e2794 method=sun.misc.Unsafe.putLong(Ljava/lang/Object;JJ)V @ 7 c2
Event: 0.732 Thread 0x0000019c3aac0ca0 DEOPT PACKING pc=0x0000019c482e2794 sp=0x0000002e6effe920
Event: 0.732 Thread 0x0000019c3aac0ca0 DEOPT UNPACKING pc=0x0000019c47d646a2 sp=0x0000002e6effe898 mode 2
Event: 0.733 Thread 0x0000019c3aac0ca0 Uncommon trap: trap_request=0xffffff54 fr.pc=0x0000019c482e3090 relative=0x0000000000000070
Event: 0.733 Thread 0x0000019c3aac0ca0 Uncommon trap: reason=speculate_null_assert action=make_not_entrant pc=0x0000019c482e3090 method=sun.misc.Unsafe.getLong(Ljava/lang/Object;J)J @ 5 c2
Event: 0.733 Thread 0x0000019c3aac0ca0 DEOPT PACKING pc=0x0000019c482e3090 sp=0x0000002e6effe860
Event: 0.733 Thread 0x0000019c3aac0ca0 DEOPT UNPACKING pc=0x0000019c47d646a2 sp=0x0000002e6effe7e8 mode 2

Classes loaded (20 events):
Event: 0.382 Loading class java/util/Formatter$FixedString
Event: 0.382 Loading class java/util/Formatter$FormatString
Event: 0.382 Loading class java/util/Formatter$FormatString done
Event: 0.382 Loading class java/util/Formatter$FixedString done
Event: 0.382 Loading class java/util/Formatter$Conversion
Event: 0.382 Loading class java/util/Formatter$Conversion done
Event: 0.382 Loading class java/util/Formatter$FormatSpecifier
Event: 0.383 Loading class java/util/Formatter$FormatSpecifier done
Event: 0.383 Loading class java/util/Formattable
Event: 0.383 Loading class java/util/Formattable done
Event: 0.383 Loading class java/util/Formatter$Flags
Event: 0.383 Loading class java/util/Formatter$Flags done
Event: 0.385 Loading class java/util/function/BiPredicate
Event: 0.385 Loading class java/util/function/BiPredicate done
Event: 0.398 Loading class java/lang/NoSuchFieldError
Event: 0.398 Loading class java/lang/NoSuchFieldError done
Event: 0.413 Loading class jdk/internal/reflect/MethodHandleIntegerFieldAccessorImpl
Event: 0.413 Loading class jdk/internal/reflect/MethodHandleIntegerFieldAccessorImpl done
Event: 0.731 Loading class java/util/function/IntFunction
Event: 0.731 Loading class java/util/function/IntFunction done

Classes unloaded (0 events):
No events

Classes redefined (0 events):
No events

Internal exceptions (20 events):
Event: 0.237 Thread 0x0000019c3aac0ca0 Exception <a 'java/lang/NoSuchMethodError'{0x0000000711842990}: 'void java.lang.invoke.DelegatingMethodHandle$Holder.delegate(java.lang.Object, java.lang.Object, int, java.lang.Object)'> (0x0000000711842990) 
thrown [s\src\hotspot\share\interpreter\linkResolver.cpp, line 773]
Event: 0.237 Thread 0x0000019c3aac0ca0 Exception <a 'java/lang/NoSuchMethodError'{0x0000000711846878}: 'int java.lang.invoke.DirectMethodHandle$Holder.invokeSpecial(java.lang.Object, java.lang.Object, java.lang.Object)'> (0x0000000711846878) 
thrown [s\src\hotspot\share\interpreter\linkResolver.cpp, line 773]
Event: 0.243 Thread 0x0000019c3aac0ca0 Exception <a 'java/lang/NoSuchMethodError'{0x00000007118609d0}: 'void java.lang.System.loadLibrary(java.lang.String, java.lang.Class)'> (0x00000007118609d0) 
thrown [s\src\hotspot\share\interpreter\linkResolver.cpp, line 773]
Event: 0.289 Thread 0x0000019c3aac0ca0 Exception <a 'sun/nio/fs/WindowsException'{0x00000007118cbf90}> (0x00000007118cbf90) 
thrown [s\src\hotspot\share\prims\jni.cpp, line 520]
Event: 0.290 Thread 0x0000019c3aac0ca0 Exception <a 'sun/nio/fs/WindowsException'{0x00000007118cc4c0}> (0x00000007118cc4c0) 
thrown [s\src\hotspot\share\prims\jni.cpp, line 520]
Event: 0.361 Thread 0x0000019c3aac0ca0 Exception <a 'java/lang/NoSuchMethodError'{0x0000000711966790}: 'int java.lang.invoke.DirectMethodHandle$Holder.invokeStaticInit(java.lang.Object, java.lang.Object, int, long)'> (0x0000000711966790) 
thrown [s\src\hotspot\share\interpreter\linkResolver.cpp, line 773]
Event: 0.362 Thread 0x0000019c3aac0ca0 Exception <a 'java/lang/NoSuchMethodError'{0x000000071196ba68}: 'java.lang.Object java.lang.invoke.DirectMethodHandle$Holder.newInvokeSpecial(java.lang.Object, java.lang.Object, int)'> (0x000000071196ba68) 
thrown [s\src\hotspot\share\interpreter\linkResolver.cpp, line 773]
Event: 0.364 Thread 0x0000019c3aac0ca0 Exception <a 'java/lang/NoSuchMethodError'{0x000000071197ae38}: 'int java.lang.invoke.DirectMethodHandle$Holder.invokeStaticInit(java.lang.Object, java.lang.Object, long, long)'> (0x000000071197ae38) 
thrown [s\src\hotspot\share\interpreter\linkResolver.cpp, line 773]
Event: 0.365 Thread 0x0000019c3aac0ca0 Exception <a 'java/lang/NoSuchMethodError'{0x0000000711980988}: 'java.lang.Object java.lang.invoke.DirectMethodHandle$Holder.newInvokeSpecial(java.lang.Object, java.lang.Object, long)'> (0x0000000711980988) 
thrown [s\src\hotspot\share\interpreter\linkResolver.cpp, line 773]
Event: 0.367 Thread 0x0000019c3aac0ca0 Exception <a 'java/lang/NoSuchMethodError'{0x00000007119849f0}: 'java.lang.Object java.lang.invoke.Invokers$Holder.linkToTargetMethod(java.lang.Object, long, java.lang.Object)'> (0x00000007119849f0) 
thrown [s\src\hotspot\share\interpreter\linkResolver.cpp, line 773]
Event: 0.368 Thread 0x0000019c3aac0ca0 Exception <a 'java/lang/NoSuchMethodError'{0x000000071198ba78}: 'int java.lang.invoke.DirectMethodHandle$Holder.invokeStaticInit(java.lang.Object, java.lang.Object, java.lang.Object, long)'> (0x000000071198ba78) 
thrown [s\src\hotspot\share\interpreter\linkResolver.cpp, line 773]
Event: 0.397 Thread 0x0000019c3aac0ca0 Exception <a 'sun/nio/fs/WindowsException'{0x0000000711645528}> (0x0000000711645528) 
thrown [s\src\hotspot\share\prims\jni.cpp, line 520]
Event: 0.397 Thread 0x0000019c3aac0ca0 Exception <a 'sun/nio/fs/WindowsException'{0x0000000711645888}> (0x0000000711645888) 
thrown [s\src\hotspot\share\prims\jni.cpp, line 520]
Event: 0.413 Thread 0x0000019c3aac0ca0 Exception <a 'java/lang/NoSuchMethodError'{0x000000071165ba80}: 'int java.lang.invoke.Invokers$Holder.invokeExact_MT(java.lang.Object, java.lang.Object)'> (0x000000071165ba80) 
thrown [s\src\hotspot\share\interpreter\linkResolver.cpp, line 773]
Event: 0.585 Thread 0x0000019c3aac0ca0 Exception <a 'java/lang/NoSuchMethodError'{0x00000007116c8a60}: 'void java.lang.System.load(java.lang.String, java.lang.Class)'> (0x00000007116c8a60) 
thrown [s\src\hotspot\share\interpreter\linkResolver.cpp, line 773]
Event: 0.585 Thread 0x0000019c3aac0ca0 Exception <a 'java/lang/NoSuchMethodError'{0x00000007116cb400}: 'void java.lang.System.loadLibrary(java.lang.String, java.lang.Class)'> (0x00000007116cb400) 
thrown [s\src\hotspot\share\interpreter\linkResolver.cpp, line 773]
Event: 0.591 Thread 0x0000019c3aac0ca0 Exception <a 'sun/nio/fs/WindowsException'{0x00000007116db440}> (0x00000007116db440) 
thrown [s\src\hotspot\share\prims\jni.cpp, line 520]
Event: 0.591 Thread 0x0000019c3aac0ca0 Exception <a 'sun/nio/fs/WindowsException'{0x00000007116db7e0}> (0x00000007116db7e0) 
thrown [s\src\hotspot\share\prims\jni.cpp, line 520]
Event: 0.607 Thread 0x0000019c3aac0ca0 Exception <a 'sun/nio/fs/WindowsException'{0x00000007116e73a0}> (0x00000007116e73a0) 
thrown [s\src\hotspot\share\prims\jni.cpp, line 520]
Event: 0.608 Thread 0x0000019c3aac0ca0 Exception <a 'sun/nio/fs/WindowsException'{0x00000007116e7670}> (0x00000007116e7670) 
thrown [s\src\hotspot\share\prims\jni.cpp, line 520]

ZGC Phase Switch (0 events):
No events

VM Operations (4 events):
Event: 0.180 Executing VM operation: HandshakeAllThreads (Deoptimize)
Event: 0.180 Executing VM operation: HandshakeAllThreads (Deoptimize) done
Event: 0.275 Executing VM operation: HandshakeAllThreads (Deoptimize)
Event: 0.275 Executing VM operation: HandshakeAllThreads (Deoptimize) done

Events (13 events):
Event: 0.012 Thread 0x0000019c3aac0ca0 Thread added: 0x0000019c3aac0ca0
Event: 0.069 Thread 0x0000019c57572510 Thread added: 0x0000019c57572510
Event: 0.069 Thread 0x0000019c5754ff60 Thread added: 0x0000019c5754ff60
Event: 0.070 Thread 0x0000019c57552870 Thread added: 0x0000019c57552870
Event: 0.070 Thread 0x0000019c57554ef0 Thread added: 0x0000019c57554ef0
Event: 0.070 Thread 0x0000019c57576e90 Thread added: 0x0000019c57576e90
Event: 0.070 Thread 0x0000019c5757f0f0 Thread added: 0x0000019c5757f0f0
Event: 0.070 Thread 0x0000019c57585ca0 Thread added: 0x0000019c57585ca0
Event: 0.070 Thread 0x0000019c57586af0 Thread added: 0x0000019c57586af0
Event: 0.123 Thread 0x0000019c5757f780 Thread added: 0x0000019c5757f780
Event: 0.128 Thread 0x0000019c5757fe10 Thread added: 0x0000019c5757fe10
Event: 0.353 Thread 0x0000019c5c17c580 Thread added: 0x0000019c5c17c580
Event: 0.541 Thread 0x0000019c5c17c580 Thread exited: 0x0000019c5c17c580


Dynamic libraries:
0x00007ff66cb30000 - 0x00007ff66cb3e000 	C:\ManuallyInstalledPrograms\Eclipse\java\plugins\org.eclipse.justj.openjdk.hotspot.jre.full.win32.x86_64_21.0.3.v20240426-1530\jre\bin\javaw.exe
0x00007fff76a10000 - 0x00007fff76c08000 	C:\windows\SYSTEM32\ntdll.dll
0x00007fff76210000 - 0x00007fff762d2000 	C:\windows\System32\KERNEL32.DLL
0x00007fff74730000 - 0x00007fff74a2f000 	C:\windows\System32\KERNELBASE.dll
0x00007fff74630000 - 0x00007fff74730000 	C:\windows\System32\ucrtbase.dll
0x00007fff6b770000 - 0x00007fff6b788000 	C:\ManuallyInstalledPrograms\Eclipse\java\plugins\org.eclipse.justj.openjdk.hotspot.jre.full.win32.x86_64_21.0.3.v20240426-1530\jre\bin\jli.dll
0x00007fff61f10000 - 0x00007fff61f2b000 	C:\ManuallyInstalledPrograms\Eclipse\java\plugins\org.eclipse.justj.openjdk.hotspot.jre.full.win32.x86_64_21.0.3.v20240426-1530\jre\bin\VCRUNTIME140.dll
0x00007fff75d60000 - 0x00007fff75efd000 	C:\windows\System32\USER32.dll
0x00007fff74500000 - 0x00007fff74522000 	C:\windows\System32\win32u.dll
0x00007fff5d140000 - 0x00007fff5d3da000 	C:\windows\WinSxS\amd64_microsoft.windows.common-controls_6595b64144ccf1df_6.0.19041.4355_none_60b8b9eb71f62e16\COMCTL32.dll
0x00007fff74ad0000 - 0x00007fff74afb000 	C:\windows\System32\GDI32.dll
0x00007fff76030000 - 0x00007fff760ce000 	C:\windows\System32\msvcrt.dll
0x00007fff74300000 - 0x00007fff7441a000 	C:\windows\System32\gdi32full.dll
0x00007fff74260000 - 0x00007fff742fd000 	C:\windows\System32\msvcp_win.dll
0x00007fff76800000 - 0x00007fff7682f000 	C:\windows\System32\IMM32.DLL
0x00007fff6b760000 - 0x00007fff6b76c000 	C:\ManuallyInstalledPrograms\Eclipse\java\plugins\org.eclipse.justj.openjdk.hotspot.jre.full.win32.x86_64_21.0.3.v20240426-1530\jre\bin\vcruntime140_1.dll
0x00007fff5d930000 - 0x00007fff5d9be000 	C:\ManuallyInstalledPrograms\Eclipse\java\plugins\org.eclipse.justj.openjdk.hotspot.jre.full.win32.x86_64_21.0.3.v20240426-1530\jre\bin\msvcp140.dll
0x00007fff16840000 - 0x00007fff175c2000 	C:\ManuallyInstalledPrograms\Eclipse\java\plugins\org.eclipse.justj.openjdk.hotspot.jre.full.win32.x86_64_21.0.3.v20240426-1530\jre\bin\server\jvm.dll
0x00007fff762e0000 - 0x00007fff7638f000 	C:\windows\System32\ADVAPI32.dll
0x00007fff74a30000 - 0x00007fff74acf000 	C:\windows\System32\sechost.dll
0x00007fff76520000 - 0x00007fff76643000 	C:\windows\System32\RPCRT4.dll
0x00007fff744d0000 - 0x00007fff744f7000 	C:\windows\System32\bcrypt.dll
0x00007fff76960000 - 0x00007fff769cb000 	C:\windows\System32\WS2_32.dll
0x00007fff73610000 - 0x00007fff7365b000 	C:\windows\SYSTEM32\POWRPROF.dll
0x00007fff673c0000 - 0x00007fff673e7000 	C:\windows\SYSTEM32\WINMM.dll
0x00007fff6cca0000 - 0x00007fff6ccaa000 	C:\windows\SYSTEM32\VERSION.dll
0x00007fff73480000 - 0x00007fff73492000 	C:\windows\SYSTEM32\UMPDC.dll
0x00007fff72890000 - 0x00007fff728a2000 	C:\windows\SYSTEM32\kernel.appcore.dll
0x00007fff6e720000 - 0x00007fff6e72a000 	C:\ManuallyInstalledPrograms\Eclipse\java\plugins\org.eclipse.justj.openjdk.hotspot.jre.full.win32.x86_64_21.0.3.v20240426-1530\jre\bin\jimage.dll
0x00007fff725a0000 - 0x00007fff72784000 	C:\windows\SYSTEM32\DBGHELP.DLL
0x00007fff6af40000 - 0x00007fff6af74000 	C:\windows\SYSTEM32\dbgcore.DLL
0x00007fff74530000 - 0x00007fff745b2000 	C:\windows\System32\bcryptPrimitives.dll
0x00007fff6cd70000 - 0x00007fff6cd8f000 	C:\ManuallyInstalledPrograms\Eclipse\java\plugins\org.eclipse.justj.openjdk.hotspot.jre.full.win32.x86_64_21.0.3.v20240426-1530\jre\bin\java.dll
0x00007fff6c7d0000 - 0x00007fff6c7e8000 	C:\ManuallyInstalledPrograms\Eclipse\java\plugins\org.eclipse.justj.openjdk.hotspot.jre.full.win32.x86_64_21.0.3.v20240426-1530\jre\bin\zip.dll
0x00007fff75130000 - 0x00007fff7589d000 	C:\windows\System32\SHELL32.dll
0x00007fff71d30000 - 0x00007fff724d4000 	C:\windows\SYSTEM32\windows.storage.dll
0x00007fff75920000 - 0x00007fff75c75000 	C:\windows\System32\combase.dll
0x00007fff73ae0000 - 0x00007fff73b0b000 	C:\windows\SYSTEM32\Wldp.dll
0x00007fff76450000 - 0x00007fff7651d000 	C:\windows\System32\OLEAUT32.dll
0x00007fff768b0000 - 0x00007fff7695d000 	C:\windows\System32\SHCORE.dll
0x00007fff763f0000 - 0x00007fff76445000 	C:\windows\System32\shlwapi.dll
0x00007fff73fe0000 - 0x00007fff74005000 	C:\windows\SYSTEM32\profapi.dll
0x00007fff6e710000 - 0x00007fff6e720000 	C:\ManuallyInstalledPrograms\Eclipse\java\plugins\org.eclipse.justj.openjdk.hotspot.jre.full.win32.x86_64_21.0.3.v20240426-1530\jre\bin\net.dll
0x00007fff69430000 - 0x00007fff6953a000 	C:\windows\SYSTEM32\WINHTTP.dll
0x00007fff73820000 - 0x00007fff7388c000 	C:\windows\system32\mswsock.dll
0x00007fff6bd10000 - 0x00007fff6bd26000 	C:\ManuallyInstalledPrograms\Eclipse\java\plugins\org.eclipse.justj.openjdk.hotspot.jre.full.win32.x86_64_21.0.3.v20240426-1530\jre\bin\nio.dll
0x00007fff5d8b0000 - 0x00007fff5d92e000 	C:\Users\mudki\AppData\Local\Temp\lwjgl_mudki\3.3.6+1\x64\lwjgl.dll
0x00007fff4dc70000 - 0x00007fff4dcf9000 	C:\Users\mudki\AppData\Local\Temp\lwjgl_mudki\3.3.6+1\x64\glfw.dll
0x00007fff4ef80000 - 0x00007fff4efc5000 	C:\windows\SYSTEM32\dinput8.dll
0x00007fff61af0000 - 0x00007fff61b01000 	C:\windows\SYSTEM32\xinput1_4.dll
0x00007fff74210000 - 0x00007fff7425e000 	C:\windows\System32\cfgmgr32.dll
0x00007fff73e40000 - 0x00007fff73e73000 	C:\windows\SYSTEM32\DEVOBJ.dll
0x00007fff71850000 - 0x00007fff7187f000 	C:\windows\SYSTEM32\dwmapi.dll
0x00007fff4d320000 - 0x00007fff4d472000 	C:\windows\SYSTEM32\inputhost.dll
0x00007fff71080000 - 0x00007fff71172000 	C:\windows\SYSTEM32\CoreMessaging.dll
0x00007fff6f9c0000 - 0x00007fff6fb17000 	C:\windows\SYSTEM32\wintypes.dll
0x00007fff6f4a0000 - 0x00007fff6f596000 	C:\windows\SYSTEM32\PROPSYS.dll
0x00007fff70d20000 - 0x00007fff7107b000 	C:\windows\SYSTEM32\CoreUIComponents.dll
0x00007fff73310000 - 0x00007fff73343000 	C:\windows\SYSTEM32\ntmarta.dll
0x00007fff71660000 - 0x00007fff716fe000 	C:\windows\system32\uxtheme.dll
0x00007fff760d0000 - 0x00007fff761e5000 	C:\windows\System32\MSCTF.dll
0x00007fff5cf10000 - 0x00007fff5d038000 	C:\windows\SYSTEM32\opengl32.dll
0x00007fff5cbe0000 - 0x00007fff5cc0c000 	C:\windows\SYSTEM32\GLU32.dll
0x00007fff74ff0000 - 0x00007fff75099000 	C:\windows\System32\clbcatq.dll
0x00007ffef1a50000 - 0x00007ffef2a14000 	C:\Windows\System32\DriverStore\FileRepository\iigd_dch.inf_amd64_e6980897e3126266\ig9icd64.dll
0x00007fff75f00000 - 0x00007fff7602b000 	C:\windows\System32\ole32.dll
0x00007fff72900000 - 0x00007fff729f6000 	C:\windows\system32\dxgi.dll
0x00007fff2b150000 - 0x00007fff2b58c000 	C:\Windows\System32\DriverStore\FileRepository\iigd_dch.inf_amd64_e6980897e3126266\igdml64.dll
0x00007fff669c0000 - 0x00007fff66cf6000 	C:\Windows\System32\DriverStore\FileRepository\iigd_dch.inf_amd64_e6980897e3126266\igdgmm64.dll
0x00007fff63c30000 - 0x00007fff669bf000 	C:\Windows\System32\DriverStore\FileRepository\iigd_dch.inf_amd64_e6980897e3126266\igc64.dll
0x00007fff4d480000 - 0x00007fff4d579000 	C:\windows\SYSTEM32\textinputframework.dll
0x00007fff4e220000 - 0x00007fff4e27d000 	C:\Users\mudki\AppData\Local\Temp\lwjgl_mudki\3.3.6+1\x64\lwjgl_opengl.dll

dbghelp: loaded successfully - version: 4.0.5 - missing functions: none
symbol engine: initialized successfully - sym options: 0x614 - pdb path: .;C:\ManuallyInstalledPrograms\Eclipse\java\plugins\org.eclipse.justj.openjdk.hotspot.jre.full.win32.x86_64_21.0.3.v20240426-1530\jre\bin;C:\windows\SYSTEM32;C:\windows\WinSxS\amd64_microsoft.windows.common-controls_6595b64144ccf1df_6.0.19041.4355_none_60b8b9eb71f62e16;C:\ManuallyInstalledPrograms\Eclipse\java\plugins\org.eclipse.justj.openjdk.hotspot.jre.full.win32.x86_64_21.0.3.v20240426-1530\jre\bin\server;C:\Users\mudki\AppData\Local\Temp\lwjgl_mudki\3.3.6+1\x64;C:\Windows\System32\DriverStore\FileRepository\iigd_dch.inf_amd64_e6980897e3126266

VM Arguments:
jvm_args: -Dfile.encoding=UTF-8 -Dstdout.encoding=UTF-8 -Dstderr.encoding=UTF-8 -XX:+ShowCodeDetailsInExceptionMessages 
java_command: com.mudkipboy7.mudJavaEngine.Main
java_class_path (initial): C:\Programming\ProgrammingProjects\DefaultEclipseWorkspace\mudJavaEngine\bin\main;C:\Programming\Gradle\.gradle\caches\modules-2\files-2.1\org.lwjgl\lwjgl-assimp\3.3.6\931a8de55dd5ee546689119c85ed4d4af7fa68f2\lwjgl-assimp-3.3.6.jar;C:\Programming\Gradle\.gradle\caches\modules-2\files-2.1\org.lwjgl\lwjgl-bgfx\3.3.6\8309ffb8fa032d8b96797147b541ac626c15d848\lwjgl-bgfx-3.3.6.jar;C:\Programming\Gradle\.gradle\caches\modules-2\files-2.1\org.lwjgl\lwjgl-glfw\3.3.6\7119f7d0eeb1e5502ff0ca71d2b4d47317da015\lwjgl-glfw-3.3.6.jar;C:\Programming\Gradle\.gradle\caches\modules-2\files-2.1\org.lwjgl\lwjgl-nanovg\3.3.6\b6b01c8950e0d53a3e65cb4078a2ace44509ee2a\lwjgl-nanovg-3.3.6.jar;C:\Programming\Gradle\.gradle\caches\modules-2\files-2.1\org.lwjgl\lwjgl-nuklear\3.3.6\a1fa66130955a3371cc2af58f268b90b033acbe6\lwjgl-nuklear-3.3.6.jar;C:\Programming\Gradle\.gradle\caches\modules-2\files-2.1\org.lwjgl\lwjgl-openal\3.3.6\ad313317ff399fd2a7f4dd74716a68cf3976c6ad\lwjgl-openal-3.3.6.jar;C:\Programming\Gradle\.gradle\caches\modules-2\files-2.1\org.lwjgl\lwjgl-opengl\3.3.6\ac2532612a4df374e9a9282bcf8ce2573018ebbb\lwjgl-opengl-3.3.6.jar;C:\Programming\Gradle\.gradle\caches\modules-2\files-2.1\org.lwjgl\lwjgl-par\3.3.6\a0d044565798236345956e2993c908195278bbd9\lwjgl-par-3.3.6.jar;C:\Programming\Gradle\.gradle\caches\modules-2\files-2.1\org.lwjgl\lwjgl-stb\3.3.6\e2d3739dcfe7b672b626ded66d94f6587083306e\lwjgl-stb-3.3.6.jar;C:\Programming\Gradle\.gradle\caches\modules-2\files-2.1\org.lwjgl\lwjgl-vulkan\3.3.6\a403e0931b03b138854bb2ba9c48dab646cba6d8\lwjgl-vulkan-3.3.6.jar;C:\Programming\Gradle\.gradle\caches\modules-2\files-2.1\org.lwjgl\lwjgl\3.3.6\ce7721d30cfaf47feaed10213e0c43eb55c49d68\lwjgl-3.3.6.jar;C:\Programming\Gradle\.gradle\caches\modules-2\files-2.1\org.lwjgl\lwjgl-assimp\3.3.6\486fa1e2db9fc903a0cab984604cef1a895b0e28\lwjgl-assimp-3.3.6-natives-windows.jar;C:\Programming\Gradle\.gradle\caches\modules-2\files-2.1\org.lwjgl\lwjgl-bgfx\3.3.6\3080eaf795827a041d0906a0541a4972c9e8ddc3\lwjgl-bgfx-3.3.6-natives-windows.jar;C:\Programming\Gradle\.gradle\caches\modules-2\files-2.1\org.lwjgl\lwjgl-glfw\3.3.6\99ef08056feb9627f90425a4d2a22cd9fae8e39b\lwjgl-glfw-3.3.6-natives-windows.jar;C:\Programming\Gradle\.gradle\caches\modules-2\files-2.1\org.lwjgl\lwjgl-nanovg\3.3.6\5b49bf72fac95789ae809592311fcfeae03cdf77\lwjgl-nanovg-3.3.6-natives-windows.jar;C:\Programming\Gradle\.gradle\caches\modules-2\files-2.1\org.lwjgl\lwjgl-nuklear\3.3.6\c25f05065d7b13593e94bb3ce27d448ce8564650\lwjgl-nuklear-3.3.6-natives-windows.jar;C:\Programming\Gradle\.gradle\caches\modules-2\files-2.1\org.lwjgl\lwjgl-openal\3.3.6\9c2b9b660e085bb0b47a4453dc0e26f24a5475e4\lwjgl-openal-3.3.6-natives-windows.jar;C:\Programming\Gradle\.gradle\caches\modules-2\files-2.1\org.lwjgl\lwjgl-opengl\3.3.6\18dc639ebc94aa5202c2157f7490d28997b697c5\lwjgl-opengl-3.3.6-natives-windows.jar;C:\Programming\Gradle\.gradle\caches\modules-2\files-2.1\org.lwjgl\lwjgl-par\3.3.6\50a7f7029cdcac3687f105eace2a61e5b44d0118\lwjgl-par-3.3.6-natives-windows.jar;C:\Programming\Gradle\.gradle\caches\modules-2\files-2.1\org.lwjgl\lwjgl-stb\3.3.6\334cf885b39e2db9070c39e70e65efb136435f10\lwjgl-stb-3.3.6-natives-windows.jar;C:\Programming\Gradle\.gradle\caches\modules-2\files-2.1\org.lwjgl\lwjgl\3.3.6\9a29b6a22fc5184604b8cb434ee5d5ecc4bfcbee\lwjgl-3.3.6-natives-windows.jar
Launcher Type: SUN_STANDARD

[Global flags]
     intx CICompilerCount                          = 4                                         {product} {ergonomic}
     uint ConcGCThreads                            = 2                                         {product} {ergonomic}
     uint G1ConcRefinementThreads                  = 8                                         {product} {ergonomic}
   size_t G1HeapRegionSize                         = 2097152                                   {product} {ergonomic}
    uintx GCDrainStackTargetSize                   = 64                                        {product} {ergonomic}
   size_t InitialHeapSize                          = 266338304                                 {product} {ergonomic}
   size_t MarkStackSize                            = 4194304                                   {product} {ergonomic}
   size_t MaxHeapSize                              = 4261412864                                {product} {ergonomic}
   size_t MaxNewSize                               = 2556428288                                {product} {ergonomic}
   size_t MinHeapDeltaBytes                        = 2097152                                   {product} {ergonomic}
   size_t MinHeapSize                              = 8388608                                   {product} {ergonomic}
    uintx NonNMethodCodeHeapSize                   = 5839372                                {pd product} {ergonomic}
    uintx NonProfiledCodeHeapSize                  = 122909434                              {pd product} {ergonomic}
    uintx ProfiledCodeHeapSize                     = 122909434                              {pd product} {ergonomic}
    uintx ReservedCodeCacheSize                    = 251658240                              {pd product} {ergonomic}
     bool SegmentedCodeCache                       = true                                      {product} {ergonomic}
     bool ShowCodeDetailsInExceptionMessages       = true                                   {manageable} {command line}
   size_t SoftMaxHeapSize                          = 4261412864                             {manageable} {ergonomic}
     bool UseCompressedOops                        = true                           {product lp64_product} {ergonomic}
     bool UseG1GC                                  = true                                      {product} {ergonomic}
     bool UseLargePagesIndividualAllocation        = false                                  {pd product} {ergonomic}

Logging:
Log output configuration:
 #0: stdout all=warning uptime,level,tags foldmultilines=false
 #1: stderr all=off uptime,level,tags foldmultilines=false

Environment Variables:
JAVA_HOME=C:\Program Files\Java\jdk-21
PATH=C:/ManuallyInstalledPrograms/Eclipse/java//plugins/org.eclipse.justj.openjdk.hotspot.jre.full.win32.x86_64_21.0.3.v20240426-1530/jre/bin/server;C:/ManuallyInstalledPrograms/Eclipse/java//plugins/org.eclipse.justj.openjdk.hotspot.jre.full.win32.x86_64_21.0.3.v20240426-1530/jre/bin;C:\Program Files\Common Files\Oracle\Java\javapath;C:\ManuallyInstalledPrograms\Python312\Scripts\;C:\ManuallyInstalledPrograms\Python312\;C:\Program Files\Java\jdk-21\bin;C:\msys64\usr\bin;C:\msys64\ucrt64\bin;C:\msys64\mingw64\bin;C:\windows\system32;C:\windows;C:\windows\System32\Wbem;C:\windows\System32\WindowsPowerShell\v1.0\;C:\windows\System32\OpenSSH\;C:\Programming\Gradle\gradle-8.4\bin;C:\Program Files\dotnet\;C:\mudPrograms\mudPathPrograms;C:\Program Files\CMake\bin;C:\Program Files (x86)\Microsoft Visual Studio\2022\BuildTools\VC\Auxiliary\Build;C:\ManuallyInstalledPrograms\Git\cmd;C:\Program Files (x86)\Windows Kits\10\Assessment and Deployment Kit\Windows Preinstallation Environment;C:\Program Files (x86)\Windows Kits\10\Windows Performance Toolkit\;C:\ManuallyInstalledPrograms\Apache-Maven\apache-maven\src\bin;C:\ManuallyInstalledPrograms\platform-tools;C:\Program Files\WinRAR;C:\Users\mudki\AppData\Local\Microsoft\WindowsApps;C:\Users\mudki\.dotnet\tools;C:\ManuallyInstalledPrograms\Eclipse\java;
USERNAME=mudki
OS=Windows_NT
PROCESSOR_IDENTIFIER=Intel64 Family 6 Model 165 Stepping 2, GenuineIntel
TMP=C:\Users\mudki\AppData\Local\Temp
TEMP=C:\Users\mudki\AppData\Local\Temp




Periodic native trim disabled

---------------  S Y S T E M  ---------------

OS:
 Windows 10 , 64 bit Build 19041 (10.0.19041.5438)
OS uptime: 76 days 11:27 hours
Hyper-V role detected

CPU: total 8 (initial active 8) (4 cores per cpu, 2 threads per core) family 6 model 165 stepping 2 microcode 0xc8, cx8, cmov, fxsr, ht, mmx, 3dnowpref, sse, sse2, sse3, ssse3, sse4.1, sse4.2, popcnt, lzcnt, tsc, tscinvbit, avx, avx2, aes, erms, clmul, bmi1, bmi2, adx, fma, vzeroupper, clflush, clflushopt, hv, rdtscp, f16c
Processor Information for all 8 processors :
  Max Mhz: 2496, Current Mhz: 2496, Mhz Limit: 2496

Memory: 4k page, system-wide physical 16252M (3482M free)
TotalPageFile size 38556M (AvailPageFile size 5412M)
current process WorkingSet (physical memory assigned to process): 98M, peak: 98M
current process commit charge ("private bytes"): 352M, peak: 353M

vm_info: OpenJDK 64-Bit Server VM (21.0.3+9-LTS) for windows-amd64 JRE (21.0.3+9-LTS), built on 2024-04-16T00:00:00Z by "admin" with MS VC++ 17.7 (VS2022)

END.
